<?xml version="1.0" encoding="UTF-8"?>
<!-- Generated by org.testng.reporters.JUnitReportReporter -->
<testsuite hostname="DESKTOP-M6OCN55" failures="0" tests="1" name="driverFactory.AppTest" time="71.843" errors="0" timestamp="2023-12-12T11:33:06 IST" skipped="0">
  <testcase classname="driverFactory.AppTest" name="kicktest" time="71.843">
    <system-out>
      <![CDATA[plastic     plastic
Stock-000000273   Stock-000000273]]>
    </system-out>
  </testcase> <!-- kicktest -->
  <system-out>
    <![CDATA[plastic     plastic
Stock-000000273   Stock-000000273]]>
  </system-out>
</testsuite> <!-- driverFactory.AppTest -->
