<?xml version="1.0" encoding="UTF-8"?>
<!-- Generated by org.testng.reporters.JUnitReportReporter -->
<testsuite hostname="DESKTOP-M6OCN55" failures="0" tests="1" name="driverFactory.AppTest" time="132.923" errors="0" timestamp="2023-12-13T16:04:17 IST" skipped="0">
  <testcase classname="driverFactory.AppTest" name="kicktest" time="132.923">
    <system-out>
      <![CDATA[plastic     plastic
Stock-000000345   Stock-000000345]]>
    </system-out>
  </testcase> <!-- kicktest -->
  <system-out>
    <![CDATA[plastic     plastic
Stock-000000345   Stock-000000345]]>
  </system-out>
</testsuite> <!-- driverFactory.AppTest -->
